<?xml version="1.0" encoding="UTF-8"?>
<!-- Generated by org.testng.reporters.JUnitReportReporter -->
<testsuite hostname="apandigamage" failures="0" tests="1" name="Tests.LoginPageTest" time="8.698" errors="0" timestamp="2021-06-03T18:22:53 EDT" skipped="0">
  <testcase classname="Tests.LoginPageTest" name="Login" time="8.698"/>
  <system-out/>
</testsuite> <!-- Tests.LoginPageTest -->
